<?xml version="1.0" encoding="UTF-8"?>
<!-- Generated by org.testng.reporters.JUnitXMLReporter -->
<testsuite ignored="0" hostname="LAPTOP-8TM23T0M" failures="1" tests="1" name="Surefire test" time="17.768" errors="0" timestamp="2025-12-06T17:17:23 IST">
  <testcase classname="tests.LoginTest" name="testValidLogin" time="13.735">
    <failure type="java.lang.AssertionError" message="expected [Just a moment...] but found [nopcommerce.com | 525: SSL handshake failed]">
      <![CDATA[java.lang.AssertionError: expected [Just a moment...] but found [nopcommerce.com | 525: SSL handshake failed]
at tests.LoginTest.testValidLogin(LoginTest.java:19)
at java.base/java.util.ArrayList.forEach(ArrayList.java:1597)
... Removed 36 stack frames]]>
    </failure>
  </testcase> <!-- testValidLogin -->
</testsuite> <!-- Surefire test -->
